<?xml version="1.0" encoding="UTF-8"?>
<testng-results ignored="0" total="1" passed="1" failed="0" skipped="0">
  <reporter-output>
  </reporter-output>
  <suite started-at="2021-01-17T15:03:41 IST" name="Default suite" finished-at="2021-01-17T15:04:02 IST" duration-ms="21134">
    <groups>
    </groups>
    <test started-at="2021-01-17T15:03:41 IST" name="Default test" finished-at="2021-01-17T15:04:02 IST" duration-ms="21134">
      <class name="com.testscripts.TestCase">
        <test-method signature="test1()[pri:0, instance:com.testscripts.TestCase@683dbc2c]" started-at="2021-01-17T15:03:41 IST" name="test1" finished-at="2021-01-17T15:04:02 IST" duration-ms="20983" status="PASS">
          <reporter-output>
          </reporter-output>
        </test-method> <!-- test1 -->
      </class> <!-- com.testscripts.TestCase -->
    </test> <!-- Default test -->
  </suite> <!-- Default suite -->
</testng-results>
